Started GET "/" for ::1 at 2020-01-05 19:30:28 -0800

PG::ConnectionBad - FATAL:  database "GetAns_development" does not exist
:

Started POST "/__better_errors/994d9bf22ac70334/variables" for ::1 at 2020-01-05 19:30:29 -0800
  [1m[35m (305.2ms)[0m  [1m[35mCREATE DATABASE "GetAns_development" ENCODING = 'unicode'[0m
  ↳ bin/rails:9
  [1m[35m (88.2ms)[0m  [1m[35mCREATE DATABASE "GetAns_test" ENCODING = 'unicode'[0m
  ↳ bin/rails:9
Started GET "/" for ::1 at 2020-01-05 19:31:12 -0800

NameError - uninitialized constant StaticPagesController:

Started POST "/__better_errors/960b1fd094513c6c/variables" for ::1 at 2020-01-05 19:31:12 -0800
Started GET "/" for ::1 at 2020-01-05 19:31:36 -0800

NameError - uninitialized constant StaticPagesController:

Started POST "/__better_errors/b6b59e00c3c386af/variables" for ::1 at 2020-01-05 19:31:37 -0800
Started GET "/" for ::1 at 2020-01-05 19:31:51 -0800

NameError - uninitialized constant StaticPagesController:

Started POST "/__better_errors/b187169013f234a3/variables" for ::1 at 2020-01-05 19:31:51 -0800
Started GET "/" for ::1 at 2020-01-05 19:31:53 -0800

NameError - uninitialized constant StaticPagesController:

Started POST "/__better_errors/ab2f91d2b84baab1/variables" for ::1 at 2020-01-05 19:31:53 -0800
Started GET "/" for ::1 at 2020-01-05 19:31:54 -0800

NameError - uninitialized constant StaticPagesController:

Started POST "/__better_errors/19ad292a40c5f2ca/variables" for ::1 at 2020-01-05 19:31:54 -0800
Started GET "/" for ::1 at 2020-01-05 19:32:22 -0800

NameError - uninitialized constant StaticPagesController:

Started POST "/__better_errors/5e6704f0450d22c8/variables" for ::1 at 2020-01-05 19:32:22 -0800
Started GET "/" for ::1 at 2020-01-05 19:32:24 -0800

NameError - uninitialized constant StaticPagesController:

Started POST "/__better_errors/17f7ead9a330884b/variables" for ::1 at 2020-01-05 19:32:24 -0800
Started GET "/" for ::1 at 2020-01-05 19:32:54 -0800

NameError - uninitialized constant StaticPagesController:

Started POST "/__better_errors/b528bc3de875df4c/variables" for ::1 at 2020-01-05 19:32:54 -0800
Started GET "/" for ::1 at 2020-01-05 19:33:04 -0800

NameError - uninitialized constant StaticPagesController:

Started POST "/__better_errors/25ebe3f5c6445c91/variables" for ::1 at 2020-01-05 19:33:04 -0800
Started GET "/" for ::1 at 2020-01-05 19:33:05 -0800

NameError - uninitialized constant StaticPagesController:

Started POST "/__better_errors/8f0b7fae04d98f08/variables" for ::1 at 2020-01-05 19:33:05 -0800
Started GET "/" for ::1 at 2020-01-05 19:33:43 -0800
Processing by StaticPagesController#root as HTML
Completed 406 Not Acceptable in 142ms (ActiveRecord: 0.0ms)



ActionController::UnknownFormat - StaticPagesController#root is missing a template for this request format and variant.

request.formats: ["text/html"]
request.variant: []

NOTE! For XHR/Ajax or API requests, this action would normally respond with 204 No Content: an empty white screen. Since you're loading it in a web browser, we assume that you expected to actually render a template, not nothing, so we're showing an error to be extra-clear. If you expect 204 No Content, carry on. That's what you'll get from an XHR or API request. Give it a shot.:

Started POST "/__better_errors/c5fa09862ec1825d/variables" for ::1 at 2020-01-05 19:33:43 -0800
Started GET "/" for ::1 at 2020-01-05 19:34:37 -0800
Processing by StaticPagesController#root as HTML
  Rendering static_pages/root.html.erb within layouts/application
  Rendered static_pages/root.html.erb within layouts/application (1.1ms)
Completed 200 OK in 1643ms (Views: 1637.8ms | ActiveRecord: 0.0ms)


  [1m[35m (51.5ms)[0m  [1m[35mCREATE TABLE "schema_migrations" ("version" character varying NOT NULL PRIMARY KEY)[0m
  ↳ bin/rails:9
  [1m[35m (24.2ms)[0m  [1m[35mCREATE TABLE "ar_internal_metadata" ("key" character varying NOT NULL PRIMARY KEY, "value" character varying, "created_at" timestamp NOT NULL, "updated_at" timestamp NOT NULL)[0m
  ↳ bin/rails:9
  [1m[35m (0.9ms)[0m  [1m[34mSELECT pg_try_advisory_lock(3527338775412949560)[0m
  ↳ bin/rails:9
  [1m[35m (0.8ms)[0m  [1m[34mSELECT "schema_migrations"."version" FROM "schema_migrations" ORDER BY "schema_migrations"."version" ASC[0m
  ↳ bin/rails:9
Migrating to CreateUsers (20200106033605)
  [1m[35m (0.2ms)[0m  [1m[35mBEGIN[0m
  ↳ bin/rails:9
  [1m[35m (27.3ms)[0m  [1m[35mCREATE TABLE "users" ("id" bigserial primary key, "username" character varying NOT NULL, "password_digest" character varying NOT NULL, "session_token" character varying NOT NULL, "created_at" timestamp NOT NULL, "updated_at" timestamp NOT NULL)[0m
  ↳ db/migrate/20200106033605_create_users.rb:3
  [1m[35m (1.1ms)[0m  [1m[35mCREATE UNIQUE INDEX  "index_users_on_username" ON "users"  ("username")[0m
  ↳ db/migrate/20200106033605_create_users.rb:10
  [1m[35m (1.0ms)[0m  [1m[35mCREATE UNIQUE INDEX  "index_users_on_session_token" ON "users"  ("session_token")[0m
  ↳ db/migrate/20200106033605_create_users.rb:11
  [1m[36mActiveRecord::SchemaMigration Create (0.5ms)[0m  [1m[32mINSERT INTO "schema_migrations" ("version") VALUES ($1) RETURNING "version"[0m  [["version", "20200106033605"]]
  ↳ bin/rails:9
  [1m[35m (0.4ms)[0m  [1m[35mCOMMIT[0m
  ↳ bin/rails:9
  [1m[36mActiveRecord::InternalMetadata Load (0.5ms)[0m  [1m[34mSELECT  "ar_internal_metadata".* FROM "ar_internal_metadata" WHERE "ar_internal_metadata"."key" = $1 LIMIT $2[0m  [["key", "environment"], ["LIMIT", 1]]
  ↳ bin/rails:9
  [1m[35m (0.2ms)[0m  [1m[35mBEGIN[0m
  ↳ bin/rails:9
  [1m[36mActiveRecord::InternalMetadata Create (0.7ms)[0m  [1m[32mINSERT INTO "ar_internal_metadata" ("key", "value", "created_at", "updated_at") VALUES ($1, $2, $3, $4) RETURNING "key"[0m  [["key", "environment"], ["value", "development"], ["created_at", "2020-01-06 03:37:06.791624"], ["updated_at", "2020-01-06 03:37:06.791624"]]
  ↳ bin/rails:9
  [1m[35m (5.8ms)[0m  [1m[35mCOMMIT[0m
  ↳ bin/rails:9
  [1m[35m (0.2ms)[0m  [1m[34mSELECT pg_advisory_unlock(3527338775412949560)[0m
  ↳ bin/rails:9
  [1m[35m (0.4ms)[0m  [1m[34mSELECT "schema_migrations"."version" FROM "schema_migrations" ORDER BY "schema_migrations"."version" ASC[0m
  ↳ bin/rails:9
Started GET "/" for ::1 at 2020-01-05 19:42:22 -0800
  [1m[35m (1.4ms)[0m  [1m[34mSELECT "schema_migrations"."version" FROM "schema_migrations" ORDER BY "schema_migrations"."version" ASC[0m
  ↳ /Users/nandeeswari/.rbenv/versions/2.5.1/lib/ruby/gems/2.5.0/gems/activerecord-5.2.4.1/lib/active_record/log_subscriber.rb:98
Processing by StaticPagesController#root as HTML
  Rendering static_pages/root.html.erb within layouts/application
  Rendered static_pages/root.html.erb within layouts/application (0.3ms)
Completed 200 OK in 482ms (Views: 479.0ms | ActiveRecord: 0.0ms)


Started GET "/" for ::1 at 2020-01-05 19:43:22 -0800
Processing by StaticPagesController#root as HTML
  Rendering static_pages/root.html.erb within layouts/application
  Rendered static_pages/root.html.erb within layouts/application (0.6ms)
Completed 200 OK in 40ms (Views: 35.8ms | ActiveRecord: 0.0ms)


Started GET "/" for ::1 at 2020-01-05 19:43:23 -0800
Processing by StaticPagesController#root as HTML
  Rendering static_pages/root.html.erb within layouts/application
  Rendered static_pages/root.html.erb within layouts/application (0.4ms)
Completed 200 OK in 38ms (Views: 32.6ms | ActiveRecord: 0.0ms)


Started GET "/" for ::1 at 2020-01-05 19:43:35 -0800
Processing by StaticPagesController#root as HTML
  Rendering static_pages/root.html.erb within layouts/application
  Rendered static_pages/root.html.erb within layouts/application (0.6ms)
Completed 200 OK in 36ms (Views: 32.0ms | ActiveRecord: 0.0ms)


Started GET "/" for ::1 at 2020-01-05 19:50:03 -0800
Processing by StaticPagesController#root as HTML
  Rendering static_pages/root.html.erb within layouts/application
  Rendered static_pages/root.html.erb within layouts/application (0.4ms)
Completed 200 OK in 47ms (Views: 43.6ms | ActiveRecord: 0.0ms)


Started GET "/" for ::1 at 2020-01-05 20:16:55 -0800
Processing by StaticPagesController#root as HTML
  Rendering static_pages/root.html.erb within layouts/application
  Rendered static_pages/root.html.erb within layouts/application (0.5ms)
Completed 200 OK in 423ms (Views: 419.6ms | ActiveRecord: 0.0ms)


Started GET "/" for ::1 at 2020-01-05 20:22:31 -0800
Processing by StaticPagesController#root as HTML
  Rendering static_pages/root.html.erb within layouts/application
  Rendered static_pages/root.html.erb within layouts/application (1.0ms)
Completed 200 OK in 384ms (Views: 369.1ms | ActiveRecord: 0.0ms)


Started GET "/" for ::1 at 2020-01-05 20:23:08 -0800
Processing by StaticPagesController#root as HTML
  Rendering static_pages/root.html.erb within layouts/application
  Rendered static_pages/root.html.erb within layouts/application (1.5ms)
Completed 200 OK in 391ms (Views: 386.4ms | ActiveRecord: 0.0ms)


Started GET "/" for ::1 at 2020-01-05 20:23:11 -0800
Processing by StaticPagesController#root as HTML
  Rendering static_pages/root.html.erb within layouts/application
  Rendered static_pages/root.html.erb within layouts/application (1.0ms)
Completed 200 OK in 40ms (Views: 36.0ms | ActiveRecord: 0.0ms)


Started GET "/" for ::1 at 2020-01-05 20:23:24 -0800
Processing by StaticPagesController#root as HTML
  Rendering static_pages/root.html.erb within layouts/application
  Rendered static_pages/root.html.erb within layouts/application (0.8ms)
Completed 200 OK in 381ms (Views: 378.4ms | ActiveRecord: 0.0ms)


Started GET "/" for ::1 at 2020-01-05 20:23:56 -0800
Processing by StaticPagesController#root as HTML
  Rendering static_pages/root.html.erb within layouts/application
  Rendered static_pages/root.html.erb within layouts/application (1.1ms)
Completed 200 OK in 396ms (Views: 392.6ms | ActiveRecord: 0.0ms)


Started GET "/" for ::1 at 2020-01-05 20:24:11 -0800
Processing by StaticPagesController#root as HTML
  Rendering static_pages/root.html.erb within layouts/application
  Rendered static_pages/root.html.erb within layouts/application (2.2ms)
Completed 200 OK in 597ms (Views: 586.5ms | ActiveRecord: 0.0ms)


Started GET "/" for ::1 at 2020-01-05 20:24:25 -0800
Processing by StaticPagesController#root as HTML
  Rendering static_pages/root.html.erb within layouts/application
  Rendered static_pages/root.html.erb within layouts/application (1.0ms)
Completed 200 OK in 36ms (Views: 31.8ms | ActiveRecord: 0.0ms)


Started GET "/" for ::1 at 2020-01-05 20:25:28 -0800
Processing by StaticPagesController#root as HTML
  Rendering static_pages/root.html.erb within layouts/application
  Rendered static_pages/root.html.erb within layouts/application (0.9ms)
Completed 200 OK in 379ms (Views: 374.5ms | ActiveRecord: 0.0ms)


Started GET "/" for ::1 at 2020-01-05 20:26:00 -0800
Processing by StaticPagesController#root as HTML
  Rendering static_pages/root.html.erb within layouts/application
  Rendered static_pages/root.html.erb within layouts/application (1.2ms)
Completed 200 OK in 385ms (Views: 380.9ms | ActiveRecord: 0.0ms)


Started GET "/" for ::1 at 2020-01-05 20:27:12 -0800
Processing by StaticPagesController#root as HTML
  Rendering static_pages/root.html.erb within layouts/application
  Rendered static_pages/root.html.erb within layouts/application (1.4ms)
Completed 200 OK in 385ms (Views: 381.1ms | ActiveRecord: 0.0ms)


Started GET "/" for ::1 at 2020-01-05 20:28:01 -0800
Processing by StaticPagesController#root as HTML
  Rendering static_pages/root.html.erb within layouts/application
  Rendered static_pages/root.html.erb within layouts/application (1.1ms)
Completed 200 OK in 67ms (Views: 50.1ms | ActiveRecord: 0.0ms)


Started POST "/api/user" for ::1 at 2020-01-05 20:28:40 -0800
Processing by Api::UsersController#create as JSON
  Parameters: {"user"=>{"username"=>"user", "password"=>"[FILTERED]"}}
  [1m[36mUser Load (13.9ms)[0m  [1m[34mSELECT  "users".* FROM "users" WHERE "users"."session_token" = $1 LIMIT $2[0m  [["session_token", "qRuPPKZ-v8cFda5OUbBREA"], ["LIMIT", 1]]
  ↳ app/models/user.rb:45
  [1m[35m (0.1ms)[0m  [1m[35mBEGIN[0m
  ↳ app/controllers/api/users_controller.rb:5
  [1m[36mUser Exists (0.4ms)[0m  [1m[34mSELECT  1 AS one FROM "users" WHERE "users"."username" = $1 LIMIT $2[0m  [["username", "user"], ["LIMIT", 1]]
  ↳ app/controllers/api/users_controller.rb:5
  [1m[36mUser Create (1.0ms)[0m  [1m[32mINSERT INTO "users" ("username", "password_digest", "session_token", "created_at", "updated_at") VALUES ($1, $2, $3, $4, $5) RETURNING "id"[0m  [["username", "user"], ["password_digest", "$2a$12$9JBg1eLAr2QbdiCNIbVYMeP46soWEvecY10SoLGtL.QmZWUJHjpAe"], ["session_token", "qRuPPKZ-v8cFda5OUbBREA"], ["created_at", "2020-01-06 04:28:40.976735"], ["updated_at", "2020-01-06 04:28:40.976735"]]
  ↳ app/controllers/api/users_controller.rb:5
  [1m[35m (5.6ms)[0m  [1m[35mCOMMIT[0m
  ↳ app/controllers/api/users_controller.rb:5
  [1m[36mUser Load (0.4ms)[0m  [1m[34mSELECT  "users".* FROM "users" WHERE "users"."session_token" = $1 LIMIT $2[0m  [["session_token", "AWxFnRtBvf04qnfeDO7xWg"], ["LIMIT", 1]]
  ↳ app/models/user.rb:45
  [1m[35m (0.1ms)[0m  [1m[35mBEGIN[0m
  ↳ app/models/user.rb:29
  [1m[36mUser Exists (1.0ms)[0m  [1m[34mSELECT  1 AS one FROM "users" WHERE "users"."username" = $1 AND "users"."id" != $2 LIMIT $3[0m  [["username", "user"], ["id", 1], ["LIMIT", 1]]
  ↳ app/models/user.rb:29
  [1m[36mUser Update (0.5ms)[0m  [1m[33mUPDATE "users" SET "session_token" = $1, "updated_at" = $2 WHERE "users"."id" = $3[0m  [["session_token", "AWxFnRtBvf04qnfeDO7xWg"], ["updated_at", "2020-01-06 04:28:40.988089"], ["id", 1]]
  ↳ app/models/user.rb:29
  [1m[35m (0.3ms)[0m  [1m[35mCOMMIT[0m
  ↳ app/models/user.rb:29
  Rendering api/users/show.json.jbuilder
  Rendered api/users/_user.json.jbuilder (6.4ms)
  Rendered api/users/show.json.jbuilder (8.2ms)
Completed 500 Internal Server Error in 331ms (ActiveRecord: 53.5ms)



NoMethodError - undefined method `favorite_benches' for #<User:0x00007ff6374455b8>:
  app/views/api/users/_user.json.jbuilder:2:in `_app_views_api_users__user_json_jbuilder__2871251802705597729_70347696318560'
  app/views/api/users/show.json.jbuilder:1:in `_app_views_api_users_show_json_jbuilder___1815277521868953050_70347696240620'
  app/controllers/api/users_controller.rb:7:in `create'

Started GET "/" for ::1 at 2020-01-05 20:29:37 -0800
Processing by StaticPagesController#root as HTML
  Rendering static_pages/root.html.erb within layouts/application
  Rendered static_pages/root.html.erb within layouts/application (1.6ms)
Completed 200 OK in 398ms (Views: 392.0ms | ActiveRecord: 0.0ms)


Started POST "/api/user" for ::1 at 2020-01-05 20:29:45 -0800
Processing by Api::UsersController#create as JSON
  Parameters: {"user"=>{"username"=>"user", "password"=>"[FILTERED]"}}
  [1m[36mUser Load (0.4ms)[0m  [1m[34mSELECT  "users".* FROM "users" WHERE "users"."session_token" = $1 LIMIT $2[0m  [["session_token", "sXdEzC2YxhX2el3J29SQeA"], ["LIMIT", 1]]
  ↳ app/models/user.rb:45
  [1m[35m (0.1ms)[0m  [1m[35mBEGIN[0m
  ↳ app/controllers/api/users_controller.rb:5
  [1m[36mUser Exists (0.3ms)[0m  [1m[34mSELECT  1 AS one FROM "users" WHERE "users"."username" = $1 LIMIT $2[0m  [["username", "user"], ["LIMIT", 1]]
  ↳ app/controllers/api/users_controller.rb:5
  [1m[35m (0.3ms)[0m  [1m[31mROLLBACK[0m
  ↳ app/controllers/api/users_controller.rb:5
Completed 422 Unprocessable Entity in 268ms (Views: 0.2ms | ActiveRecord: 1.1ms)


Started POST "/api/user" for ::1 at 2020-01-05 20:30:17 -0800
Processing by Api::UsersController#create as JSON
  Parameters: {"user"=>{"username"=>"user1", "password"=>"[FILTERED]"}}
  [1m[36mUser Load (0.5ms)[0m  [1m[34mSELECT  "users".* FROM "users" WHERE "users"."session_token" = $1 LIMIT $2[0m  [["session_token", "1pZGQ-9SI4YhLUbuJxff2w"], ["LIMIT", 1]]
  ↳ app/models/user.rb:45
  [1m[35m (0.1ms)[0m  [1m[35mBEGIN[0m
  ↳ app/controllers/api/users_controller.rb:5
  [1m[36mUser Exists (0.3ms)[0m  [1m[34mSELECT  1 AS one FROM "users" WHERE "users"."username" = $1 LIMIT $2[0m  [["username", "user1"], ["LIMIT", 1]]
  ↳ app/controllers/api/users_controller.rb:5
  [1m[36mUser Create (0.3ms)[0m  [1m[32mINSERT INTO "users" ("username", "password_digest", "session_token", "created_at", "updated_at") VALUES ($1, $2, $3, $4, $5) RETURNING "id"[0m  [["username", "user1"], ["password_digest", "$2a$12$GYRrn8tSSXUZZzkOTIcFY.hZG9l6AwcUZAQi/cS31WK4y5gBxYgGy"], ["session_token", "1pZGQ-9SI4YhLUbuJxff2w"], ["created_at", "2020-01-06 04:30:17.370968"], ["updated_at", "2020-01-06 04:30:17.370968"]]
  ↳ app/controllers/api/users_controller.rb:5
  [1m[35m (0.2ms)[0m  [1m[35mCOMMIT[0m
  ↳ app/controllers/api/users_controller.rb:5
  [1m[36mUser Load (0.2ms)[0m  [1m[34mSELECT  "users".* FROM "users" WHERE "users"."session_token" = $1 LIMIT $2[0m  [["session_token", "Y216EtiYjNmR_IH9Yws5Lw"], ["LIMIT", 1]]
  ↳ app/models/user.rb:45
  [1m[35m (0.1ms)[0m  [1m[35mBEGIN[0m
  ↳ app/models/user.rb:29
  [1m[36mUser Exists (0.3ms)[0m  [1m[34mSELECT  1 AS one FROM "users" WHERE "users"."username" = $1 AND "users"."id" != $2 LIMIT $3[0m  [["username", "user1"], ["id", 2], ["LIMIT", 1]]
  ↳ app/models/user.rb:29
  [1m[36mUser Update (0.8ms)[0m  [1m[33mUPDATE "users" SET "session_token" = $1, "updated_at" = $2 WHERE "users"."id" = $3[0m  [["session_token", "Y216EtiYjNmR_IH9Yws5Lw"], ["updated_at", "2020-01-06 04:30:17.381075"], ["id", 2]]
  ↳ app/models/user.rb:29
  [1m[35m (0.4ms)[0m  [1m[35mCOMMIT[0m
  ↳ app/models/user.rb:29
  Rendering api/users/show.json.jbuilder
  Rendered api/users/_user.json.jbuilder (0.2ms)
  Rendered api/users/show.json.jbuilder (1.5ms)
Completed 200 OK in 274ms (Views: 11.1ms | ActiveRecord: 3.3ms)


Started GET "/" for ::1 at 2020-01-05 20:32:05 -0800
Processing by StaticPagesController#root as HTML
  Rendering static_pages/root.html.erb within layouts/application
  [1m[36mUser Load (0.6ms)[0m  [1m[34mSELECT  "users".* FROM "users" WHERE "users"."session_token" = $1 LIMIT $2[0m  [["session_token", "Y216EtiYjNmR_IH9Yws5Lw"], ["LIMIT", 1]]
  ↳ app/controllers/application_controller.rb:10
  Rendered api/users/_user.json.jbuilder (0.4ms)
  Rendered static_pages/root.html.erb within layouts/application (28.0ms)
Completed 200 OK in 417ms (Views: 411.4ms | ActiveRecord: 0.6ms)


Started DELETE "/api/session" for ::1 at 2020-01-05 20:32:08 -0800
Processing by Api::SessionsController#destroy as JSON
  [1m[36mUser Load (0.3ms)[0m  [1m[34mSELECT  "users".* FROM "users" WHERE "users"."session_token" = $1 LIMIT $2[0m  [["session_token", "Y216EtiYjNmR_IH9Yws5Lw"], ["LIMIT", 1]]
  ↳ app/controllers/application_controller.rb:10
  [1m[36mUser Load (0.2ms)[0m  [1m[34mSELECT  "users".* FROM "users" WHERE "users"."session_token" = $1 LIMIT $2[0m  [["session_token", "o3BknDttnwj97SV4d9iayQ"], ["LIMIT", 1]]
  ↳ app/models/user.rb:45
  [1m[35m (0.1ms)[0m  [1m[35mBEGIN[0m
  ↳ app/models/user.rb:29
  [1m[36mUser Exists (0.5ms)[0m  [1m[34mSELECT  1 AS one FROM "users" WHERE "users"."username" = $1 AND "users"."id" != $2 LIMIT $3[0m  [["username", "user1"], ["id", 2], ["LIMIT", 1]]
  ↳ app/models/user.rb:29
  [1m[36mUser Update (0.4ms)[0m  [1m[33mUPDATE "users" SET "session_token" = $1, "updated_at" = $2 WHERE "users"."id" = $3[0m  [["session_token", "o3BknDttnwj97SV4d9iayQ"], ["updated_at", "2020-01-06 04:32:08.060530"], ["id", 2]]
  ↳ app/models/user.rb:29
  [1m[35m (5.9ms)[0m  [1m[35mCOMMIT[0m
  ↳ app/models/user.rb:29
  Rendering api/users/show.json.jbuilder
  Rendered api/users/_user.json.jbuilder (0.2ms)
  Rendered api/users/show.json.jbuilder (1.5ms)
Completed 200 OK in 22ms (Views: 10.9ms | ActiveRecord: 7.3ms)


Started POST "/api/session" for ::1 at 2020-01-05 20:32:15 -0800
Processing by Api::SessionsController#create as JSON
  Parameters: {"user"=>{"username"=>"user1", "password"=>"[FILTERED]"}}
  [1m[36mUser Load (0.4ms)[0m  [1m[34mSELECT  "users".* FROM "users" WHERE "users"."username" = $1 LIMIT $2[0m  [["username", "user1"], ["LIMIT", 1]]
  ↳ app/models/user.rb:13
  [1m[36mUser Load (0.3ms)[0m  [1m[34mSELECT  "users".* FROM "users" WHERE "users"."session_token" = $1 LIMIT $2[0m  [["session_token", "XFXgqwpU6g9Wewk-twUoeA"], ["LIMIT", 1]]
  ↳ app/models/user.rb:45
  [1m[35m (0.2ms)[0m  [1m[35mBEGIN[0m
  ↳ app/models/user.rb:29
  [1m[36mUser Exists (0.4ms)[0m  [1m[34mSELECT  1 AS one FROM "users" WHERE "users"."username" = $1 AND "users"."id" != $2 LIMIT $3[0m  [["username", "user1"], ["id", 2], ["LIMIT", 1]]
  ↳ app/models/user.rb:29
  [1m[36mUser Update (0.3ms)[0m  [1m[33mUPDATE "users" SET "session_token" = $1, "updated_at" = $2 WHERE "users"."id" = $3[0m  [["session_token", "XFXgqwpU6g9Wewk-twUoeA"], ["updated_at", "2020-01-06 04:32:16.039530"], ["id", 2]]
  ↳ app/models/user.rb:29
  [1m[35m (0.3ms)[0m  [1m[35mCOMMIT[0m
  ↳ app/models/user.rb:29
  Rendering api/users/show.json.jbuilder
  Rendered api/users/_user.json.jbuilder (0.2ms)
  Rendered api/users/show.json.jbuilder (1.6ms)
Completed 200 OK in 259ms (Views: 11.8ms | ActiveRecord: 1.8ms)


Started GET "/" for ::1 at 2020-01-05 20:32:20 -0800
Processing by StaticPagesController#root as HTML
  Rendering static_pages/root.html.erb within layouts/application
  [1m[36mUser Load (1.2ms)[0m  [1m[34mSELECT  "users".* FROM "users" WHERE "users"."session_token" = $1 LIMIT $2[0m  [["session_token", "XFXgqwpU6g9Wewk-twUoeA"], ["LIMIT", 1]]
  ↳ app/controllers/application_controller.rb:10
  Rendered api/users/_user.json.jbuilder (0.5ms)
  Rendered static_pages/root.html.erb within layouts/application (7.5ms)
Completed 200 OK in 51ms (Views: 45.2ms | ActiveRecord: 1.2ms)


Started DELETE "/api/session" for ::1 at 2020-01-05 20:32:22 -0800
Processing by Api::SessionsController#destroy as JSON
  [1m[36mUser Load (0.3ms)[0m  [1m[34mSELECT  "users".* FROM "users" WHERE "users"."session_token" = $1 LIMIT $2[0m  [["session_token", "XFXgqwpU6g9Wewk-twUoeA"], ["LIMIT", 1]]
  ↳ app/controllers/application_controller.rb:10
  [1m[36mUser Load (0.1ms)[0m  [1m[34mSELECT  "users".* FROM "users" WHERE "users"."session_token" = $1 LIMIT $2[0m  [["session_token", "fU6BeGNn_BxaJ0yKrnTSRQ"], ["LIMIT", 1]]
  ↳ app/models/user.rb:45
  [1m[35m (0.1ms)[0m  [1m[35mBEGIN[0m
  ↳ app/models/user.rb:29
  [1m[36mUser Exists (0.4ms)[0m  [1m[34mSELECT  1 AS one FROM "users" WHERE "users"."username" = $1 AND "users"."id" != $2 LIMIT $3[0m  [["username", "user1"], ["id", 2], ["LIMIT", 1]]
  ↳ app/models/user.rb:29
  [1m[36mUser Update (0.4ms)[0m  [1m[33mUPDATE "users" SET "session_token" = $1, "updated_at" = $2 WHERE "users"."id" = $3[0m  [["session_token", "fU6BeGNn_BxaJ0yKrnTSRQ"], ["updated_at", "2020-01-06 04:32:22.762191"], ["id", 2]]
  ↳ app/models/user.rb:29
  [1m[35m (0.3ms)[0m  [1m[35mCOMMIT[0m
  ↳ app/models/user.rb:29
  Rendering api/users/show.json.jbuilder
  Rendered api/users/_user.json.jbuilder (0.3ms)
  Rendered api/users/show.json.jbuilder (1.6ms)
Completed 200 OK in 25ms (Views: 14.5ms | ActiveRecord: 1.5ms)


Started POST "/api/session" for ::1 at 2020-01-05 20:32:34 -0800
Processing by Api::SessionsController#create as JSON
  Parameters: {"user"=>{"username"=>"user1", "password"=>"[FILTERED]"}}
  [1m[36mUser Load (0.6ms)[0m  [1m[34mSELECT  "users".* FROM "users" WHERE "users"."username" = $1 LIMIT $2[0m  [["username", "user1"], ["LIMIT", 1]]
  ↳ app/models/user.rb:13
  [1m[36mUser Load (0.5ms)[0m  [1m[34mSELECT  "users".* FROM "users" WHERE "users"."session_token" = $1 LIMIT $2[0m  [["session_token", "dKihkOm5qKj9kQhsMdDj5A"], ["LIMIT", 1]]
  ↳ app/models/user.rb:45
  [1m[35m (0.1ms)[0m  [1m[35mBEGIN[0m
  ↳ app/models/user.rb:29
  [1m[36mUser Exists (0.3ms)[0m  [1m[34mSELECT  1 AS one FROM "users" WHERE "users"."username" = $1 AND "users"."id" != $2 LIMIT $3[0m  [["username", "user1"], ["id", 2], ["LIMIT", 1]]
  ↳ app/models/user.rb:29
  [1m[36mUser Update (0.3ms)[0m  [1m[33mUPDATE "users" SET "session_token" = $1, "updated_at" = $2 WHERE "users"."id" = $3[0m  [["session_token", "dKihkOm5qKj9kQhsMdDj5A"], ["updated_at", "2020-01-06 04:32:34.528691"], ["id", 2]]
  ↳ app/models/user.rb:29
  [1m[35m (6.2ms)[0m  [1m[35mCOMMIT[0m
  ↳ app/models/user.rb:29
  Rendering api/users/show.json.jbuilder
  Rendered api/users/_user.json.jbuilder (0.2ms)
  Rendered api/users/show.json.jbuilder (1.6ms)
Completed 200 OK in 268ms (Views: 11.4ms | ActiveRecord: 8.1ms)


Started GET "/" for ::1 at 2020-01-05 20:52:18 -0800
Processing by StaticPagesController#root as HTML
  Rendering static_pages/root.html.erb within layouts/application
  [1m[36mUser Load (1.2ms)[0m  [1m[34mSELECT  "users".* FROM "users" WHERE "users"."session_token" = $1 LIMIT $2[0m  [["session_token", "dKihkOm5qKj9kQhsMdDj5A"], ["LIMIT", 1]]
  ↳ app/controllers/application_controller.rb:10
  Rendered api/users/_user.json.jbuilder (0.4ms)
  Rendered static_pages/root.html.erb within layouts/application (8.5ms)
Completed 200 OK in 393ms (Views: 386.9ms | ActiveRecord: 1.5ms)


Started DELETE "/api/session" for ::1 at 2020-01-05 20:52:20 -0800
Processing by Api::SessionsController#destroy as JSON
  [1m[36mUser Load (0.3ms)[0m  [1m[34mSELECT  "users".* FROM "users" WHERE "users"."session_token" = $1 LIMIT $2[0m  [["session_token", "dKihkOm5qKj9kQhsMdDj5A"], ["LIMIT", 1]]
  ↳ app/controllers/application_controller.rb:10
  [1m[36mUser Load (0.2ms)[0m  [1m[34mSELECT  "users".* FROM "users" WHERE "users"."session_token" = $1 LIMIT $2[0m  [["session_token", "mANnX5L4upx3Fq5PtQ8Iig"], ["LIMIT", 1]]
  ↳ app/models/user.rb:45
  [1m[35m (0.1ms)[0m  [1m[35mBEGIN[0m
  ↳ app/models/user.rb:29
  [1m[36mUser Exists (0.5ms)[0m  [1m[34mSELECT  1 AS one FROM "users" WHERE "users"."username" = $1 AND "users"."id" != $2 LIMIT $3[0m  [["username", "user1"], ["id", 2], ["LIMIT", 1]]
  ↳ app/models/user.rb:29
  [1m[36mUser Update (7.1ms)[0m  [1m[33mUPDATE "users" SET "session_token" = $1, "updated_at" = $2 WHERE "users"."id" = $3[0m  [["session_token", "mANnX5L4upx3Fq5PtQ8Iig"], ["updated_at", "2020-01-06 04:52:20.658501"], ["id", 2]]
  ↳ app/models/user.rb:29
  [1m[35m (12.3ms)[0m  [1m[35mCOMMIT[0m
  ↳ app/models/user.rb:29
  Rendering api/users/show.json.jbuilder
  Rendered api/users/_user.json.jbuilder (0.2ms)
  Rendered api/users/show.json.jbuilder (1.5ms)
Completed 200 OK in 37ms (Views: 12.4ms | ActiveRecord: 20.6ms)


Started POST "/api/session" for ::1 at 2020-01-05 20:52:30 -0800
Processing by Api::SessionsController#create as JSON
  Parameters: {"user"=>{"username"=>"user1", "password"=>"[FILTERED]"}}
  [1m[36mUser Load (0.5ms)[0m  [1m[34mSELECT  "users".* FROM "users" WHERE "users"."username" = $1 LIMIT $2[0m  [["username", "user1"], ["LIMIT", 1]]
  ↳ app/models/user.rb:13
  [1m[36mUser Load (0.5ms)[0m  [1m[34mSELECT  "users".* FROM "users" WHERE "users"."session_token" = $1 LIMIT $2[0m  [["session_token", "DVdWmVzAl3nARgPaIAKUWA"], ["LIMIT", 1]]
  ↳ app/models/user.rb:45
  [1m[35m (0.2ms)[0m  [1m[35mBEGIN[0m
  ↳ app/models/user.rb:29
  [1m[36mUser Exists (0.3ms)[0m  [1m[34mSELECT  1 AS one FROM "users" WHERE "users"."username" = $1 AND "users"."id" != $2 LIMIT $3[0m  [["username", "user1"], ["id", 2], ["LIMIT", 1]]
  ↳ app/models/user.rb:29
  [1m[36mUser Update (0.3ms)[0m  [1m[33mUPDATE "users" SET "session_token" = $1, "updated_at" = $2 WHERE "users"."id" = $3[0m  [["session_token", "DVdWmVzAl3nARgPaIAKUWA"], ["updated_at", "2020-01-06 04:52:30.391713"], ["id", 2]]
  ↳ app/models/user.rb:29
  [1m[35m (6.2ms)[0m  [1m[35mCOMMIT[0m
  ↳ app/models/user.rb:29
  Rendering api/users/show.json.jbuilder
  Rendered api/users/_user.json.jbuilder (0.3ms)
  Rendered api/users/show.json.jbuilder (1.6ms)
Completed 200 OK in 272ms (Views: 11.6ms | ActiveRecord: 8.1ms)


Started DELETE "/api/session" for ::1 at 2020-01-05 20:52:34 -0800
Processing by Api::SessionsController#destroy as JSON
  [1m[36mUser Load (0.4ms)[0m  [1m[34mSELECT  "users".* FROM "users" WHERE "users"."session_token" = $1 LIMIT $2[0m  [["session_token", "DVdWmVzAl3nARgPaIAKUWA"], ["LIMIT", 1]]
  ↳ app/controllers/application_controller.rb:10
  [1m[36mUser Load (0.3ms)[0m  [1m[34mSELECT  "users".* FROM "users" WHERE "users"."session_token" = $1 LIMIT $2[0m  [["session_token", "hmirdBpCkfzveL_Obm3ukA"], ["LIMIT", 1]]
  ↳ app/models/user.rb:45
  [1m[35m (0.1ms)[0m  [1m[35mBEGIN[0m
  ↳ app/models/user.rb:29
  [1m[36mUser Exists (0.3ms)[0m  [1m[34mSELECT  1 AS one FROM "users" WHERE "users"."username" = $1 AND "users"."id" != $2 LIMIT $3[0m  [["username", "user1"], ["id", 2], ["LIMIT", 1]]
  ↳ app/models/user.rb:29
  [1m[36mUser Update (0.4ms)[0m  [1m[33mUPDATE "users" SET "session_token" = $1, "updated_at" = $2 WHERE "users"."id" = $3[0m  [["session_token", "hmirdBpCkfzveL_Obm3ukA"], ["updated_at", "2020-01-06 04:52:34.137411"], ["id", 2]]
  ↳ app/models/user.rb:29
  [1m[35m (6.1ms)[0m  [1m[35mCOMMIT[0m
  ↳ app/models/user.rb:29
  Rendering api/users/show.json.jbuilder
  Rendered api/users/_user.json.jbuilder (0.2ms)
  Rendered api/users/show.json.jbuilder (1.5ms)
Completed 200 OK in 28ms (Views: 11.3ms | ActiveRecord: 7.6ms)


Started POST "/api/user" for ::1 at 2020-01-05 20:52:42 -0800
Processing by Api::UsersController#create as JSON
  Parameters: {"user"=>{"username"=>"user2", "password"=>"[FILTERED]"}}
  [1m[36mUser Load (0.5ms)[0m  [1m[34mSELECT  "users".* FROM "users" WHERE "users"."session_token" = $1 LIMIT $2[0m  [["session_token", "gHp3xHYNV2ceXhHRK8M5YA"], ["LIMIT", 1]]
  ↳ app/models/user.rb:45
  [1m[35m (0.2ms)[0m  [1m[35mBEGIN[0m
  ↳ app/controllers/api/users_controller.rb:5
  [1m[36mUser Exists (0.5ms)[0m  [1m[34mSELECT  1 AS one FROM "users" WHERE "users"."username" = $1 LIMIT $2[0m  [["username", "user2"], ["LIMIT", 1]]
  ↳ app/controllers/api/users_controller.rb:5
  [1m[36mUser Create (0.7ms)[0m  [1m[32mINSERT INTO "users" ("username", "password_digest", "session_token", "created_at", "updated_at") VALUES ($1, $2, $3, $4, $5) RETURNING "id"[0m  [["username", "user2"], ["password_digest", "$2a$12$T72mBk/Xn7vyC8YZ3NaPXu3ofJmgtk3gG4I.D9N6QeAMIEuGgyChq"], ["session_token", "gHp3xHYNV2ceXhHRK8M5YA"], ["created_at", "2020-01-06 04:52:43.142199"], ["updated_at", "2020-01-06 04:52:43.142199"]]
  ↳ app/controllers/api/users_controller.rb:5
  [1m[35m (0.4ms)[0m  [1m[35mCOMMIT[0m
  ↳ app/controllers/api/users_controller.rb:5
  [1m[36mUser Load (0.2ms)[0m  [1m[34mSELECT  "users".* FROM "users" WHERE "users"."session_token" = $1 LIMIT $2[0m  [["session_token", "XirKnQQ0ELcuSzQTEwrijQ"], ["LIMIT", 1]]
  ↳ app/models/user.rb:45
  [1m[35m (0.1ms)[0m  [1m[35mBEGIN[0m
  ↳ app/models/user.rb:29
  [1m[36mUser Exists (0.5ms)[0m  [1m[34mSELECT  1 AS one FROM "users" WHERE "users"."username" = $1 AND "users"."id" != $2 LIMIT $3[0m  [["username", "user2"], ["id", 3], ["LIMIT", 1]]
  ↳ app/models/user.rb:29
  [1m[36mUser Update (0.3ms)[0m  [1m[33mUPDATE "users" SET "session_token" = $1, "updated_at" = $2 WHERE "users"."id" = $3[0m  [["session_token", "XirKnQQ0ELcuSzQTEwrijQ"], ["updated_at", "2020-01-06 04:52:43.155297"], ["id", 3]]
  ↳ app/models/user.rb:29
  [1m[35m (0.3ms)[0m  [1m[35mCOMMIT[0m
  ↳ app/models/user.rb:29
  Rendering api/users/show.json.jbuilder
  Rendered api/users/_user.json.jbuilder (0.3ms)
  Rendered api/users/show.json.jbuilder (1.8ms)
Completed 200 OK in 282ms (Views: 11.3ms | ActiveRecord: 3.7ms)


Started DELETE "/api/session" for ::1 at 2020-01-05 20:52:46 -0800
Processing by Api::SessionsController#destroy as JSON
  [1m[36mUser Load (0.3ms)[0m  [1m[34mSELECT  "users".* FROM "users" WHERE "users"."session_token" = $1 LIMIT $2[0m  [["session_token", "XirKnQQ0ELcuSzQTEwrijQ"], ["LIMIT", 1]]
  ↳ app/controllers/application_controller.rb:10
  [1m[36mUser Load (0.2ms)[0m  [1m[34mSELECT  "users".* FROM "users" WHERE "users"."session_token" = $1 LIMIT $2[0m  [["session_token", "agfNmNHv10r6lyT97jBSjw"], ["LIMIT", 1]]
  ↳ app/models/user.rb:45
  [1m[35m (0.1ms)[0m  [1m[35mBEGIN[0m
  ↳ app/models/user.rb:29
  [1m[36mUser Exists (0.4ms)[0m  [1m[34mSELECT  1 AS one FROM "users" WHERE "users"."username" = $1 AND "users"."id" != $2 LIMIT $3[0m  [["username", "user2"], ["id", 3], ["LIMIT", 1]]
  ↳ app/models/user.rb:29
  [1m[36mUser Update (0.3ms)[0m  [1m[33mUPDATE "users" SET "session_token" = $1, "updated_at" = $2 WHERE "users"."id" = $3[0m  [["session_token", "agfNmNHv10r6lyT97jBSjw"], ["updated_at", "2020-01-06 04:52:46.799742"], ["id", 3]]
  ↳ app/models/user.rb:29
  [1m[35m (6.4ms)[0m  [1m[35mCOMMIT[0m
  ↳ app/models/user.rb:29
  Rendering api/users/show.json.jbuilder
  Rendered api/users/_user.json.jbuilder (0.3ms)
  Rendered api/users/show.json.jbuilder (1.7ms)
Completed 200 OK in 24ms (Views: 12.0ms | ActiveRecord: 7.7ms)


Started POST "/api/session" for ::1 at 2020-01-05 20:52:55 -0800
Processing by Api::SessionsController#create as JSON
  Parameters: {"user"=>{"username"=>"user2", "password"=>"[FILTERED]"}}
  [1m[36mUser Load (0.8ms)[0m  [1m[34mSELECT  "users".* FROM "users" WHERE "users"."username" = $1 LIMIT $2[0m  [["username", "user2"], ["LIMIT", 1]]
  ↳ app/models/user.rb:13
  [1m[36mUser Load (0.3ms)[0m  [1m[34mSELECT  "users".* FROM "users" WHERE "users"."session_token" = $1 LIMIT $2[0m  [["session_token", "QiPcOE-I38lYPXxNeIMjoA"], ["LIMIT", 1]]
  ↳ app/models/user.rb:45
  [1m[35m (0.1ms)[0m  [1m[35mBEGIN[0m
  ↳ app/models/user.rb:29
  [1m[36mUser Exists (0.3ms)[0m  [1m[34mSELECT  1 AS one FROM "users" WHERE "users"."username" = $1 AND "users"."id" != $2 LIMIT $3[0m  [["username", "user2"], ["id", 3], ["LIMIT", 1]]
  ↳ app/models/user.rb:29
  [1m[36mUser Update (0.4ms)[0m  [1m[33mUPDATE "users" SET "session_token" = $1, "updated_at" = $2 WHERE "users"."id" = $3[0m  [["session_token", "QiPcOE-I38lYPXxNeIMjoA"], ["updated_at", "2020-01-06 04:52:55.749722"], ["id", 3]]
  ↳ app/models/user.rb:29
  [1m[35m (6.2ms)[0m  [1m[35mCOMMIT[0m
  ↳ app/models/user.rb:29
  Rendering api/users/show.json.jbuilder
  Rendered api/users/_user.json.jbuilder (0.2ms)
  Rendered api/users/show.json.jbuilder (1.6ms)
Completed 200 OK in 274ms (Views: 11.7ms | ActiveRecord: 8.1ms)


Started DELETE "/api/session" for ::1 at 2020-01-05 20:53:04 -0800
Processing by Api::SessionsController#destroy as JSON
  [1m[36mUser Load (0.3ms)[0m  [1m[34mSELECT  "users".* FROM "users" WHERE "users"."session_token" = $1 LIMIT $2[0m  [["session_token", "QiPcOE-I38lYPXxNeIMjoA"], ["LIMIT", 1]]
  ↳ app/controllers/application_controller.rb:10
  [1m[36mUser Load (0.2ms)[0m  [1m[34mSELECT  "users".* FROM "users" WHERE "users"."session_token" = $1 LIMIT $2[0m  [["session_token", "GPcvuOZxTNxOnbW4SgGr9A"], ["LIMIT", 1]]
  ↳ app/models/user.rb:45
  [1m[35m (0.1ms)[0m  [1m[35mBEGIN[0m
  ↳ app/models/user.rb:29
  [1m[36mUser Exists (0.4ms)[0m  [1m[34mSELECT  1 AS one FROM "users" WHERE "users"."username" = $1 AND "users"."id" != $2 LIMIT $3[0m  [["username", "user2"], ["id", 3], ["LIMIT", 1]]
  ↳ app/models/user.rb:29
  [1m[36mUser Update (0.4ms)[0m  [1m[33mUPDATE "users" SET "session_token" = $1, "updated_at" = $2 WHERE "users"."id" = $3[0m  [["session_token", "GPcvuOZxTNxOnbW4SgGr9A"], ["updated_at", "2020-01-06 04:53:04.110953"], ["id", 3]]
  ↳ app/models/user.rb:29
  [1m[35m (6.4ms)[0m  [1m[35mCOMMIT[0m
  ↳ app/models/user.rb:29
  Rendering api/users/show.json.jbuilder
  Rendered api/users/_user.json.jbuilder (0.2ms)
  Rendered api/users/show.json.jbuilder (1.5ms)
Completed 200 OK in 23ms (Views: 10.9ms | ActiveRecord: 7.7ms)


Started POST "/api/session" for ::1 at 2020-01-05 20:53:11 -0800
Processing by Api::SessionsController#create as JSON
  Parameters: {"user"=>{"username"=>"user2", "password"=>"[FILTERED]"}}
  [1m[36mUser Load (0.4ms)[0m  [1m[34mSELECT  "users".* FROM "users" WHERE "users"."username" = $1 LIMIT $2[0m  [["username", "user2"], ["LIMIT", 1]]
  ↳ app/models/user.rb:13
  [1m[36mUser Load (0.3ms)[0m  [1m[34mSELECT  "users".* FROM "users" WHERE "users"."session_token" = $1 LIMIT $2[0m  [["session_token", "3fnLMQslCFW4ousEfYAPzw"], ["LIMIT", 1]]
  ↳ app/models/user.rb:45
  [1m[35m (0.1ms)[0m  [1m[35mBEGIN[0m
  ↳ app/models/user.rb:29
  [1m[36mUser Exists (0.5ms)[0m  [1m[34mSELECT  1 AS one FROM "users" WHERE "users"."username" = $1 AND "users"."id" != $2 LIMIT $3[0m  [["username", "user2"], ["id", 3], ["LIMIT", 1]]
  ↳ app/models/user.rb:29
  [1m[36mUser Update (0.4ms)[0m  [1m[33mUPDATE "users" SET "session_token" = $1, "updated_at" = $2 WHERE "users"."id" = $3[0m  [["session_token", "3fnLMQslCFW4ousEfYAPzw"], ["updated_at", "2020-01-06 04:53:12.226191"], ["id", 3]]
  ↳ app/models/user.rb:29
  [1m[35m (0.3ms)[0m  [1m[35mCOMMIT[0m
  ↳ app/models/user.rb:29
  Rendering api/users/show.json.jbuilder
  Rendered api/users/_user.json.jbuilder (0.2ms)
  Rendered api/users/show.json.jbuilder (1.7ms)
Completed 200 OK in 272ms (Views: 12.0ms | ActiveRecord: 1.8ms)


Started DELETE "/api/session" for ::1 at 2020-01-05 20:53:17 -0800
Processing by Api::SessionsController#destroy as JSON
  [1m[36mUser Load (0.2ms)[0m  [1m[34mSELECT  "users".* FROM "users" WHERE "users"."session_token" = $1 LIMIT $2[0m  [["session_token", "3fnLMQslCFW4ousEfYAPzw"], ["LIMIT", 1]]
  ↳ app/controllers/application_controller.rb:10
  [1m[36mUser Load (0.2ms)[0m  [1m[34mSELECT  "users".* FROM "users" WHERE "users"."session_token" = $1 LIMIT $2[0m  [["session_token", "vpCrx0Ptcm2KNNqpXneHnw"], ["LIMIT", 1]]
  ↳ app/models/user.rb:45
  [1m[35m (0.1ms)[0m  [1m[35mBEGIN[0m
  ↳ app/models/user.rb:29
  [1m[36mUser Exists (0.3ms)[0m  [1m[34mSELECT  1 AS one FROM "users" WHERE "users"."username" = $1 AND "users"."id" != $2 LIMIT $3[0m  [["username", "user2"], ["id", 3], ["LIMIT", 1]]
  ↳ app/models/user.rb:29
  [1m[36mUser Update (0.4ms)[0m  [1m[33mUPDATE "users" SET "session_token" = $1, "updated_at" = $2 WHERE "users"."id" = $3[0m  [["session_token", "vpCrx0Ptcm2KNNqpXneHnw"], ["updated_at", "2020-01-06 04:53:17.508054"], ["id", 3]]
  ↳ app/models/user.rb:29
  [1m[35m (0.4ms)[0m  [1m[35mCOMMIT[0m
  ↳ app/models/user.rb:29
  Rendering api/users/show.json.jbuilder
  Rendered api/users/_user.json.jbuilder (0.2ms)
  Rendered api/users/show.json.jbuilder (1.5ms)
Completed 200 OK in 22ms (Views: 11.6ms | ActiveRecord: 1.6ms)


Started POST "/api/session" for ::1 at 2020-01-05 20:53:25 -0800
Processing by Api::SessionsController#create as JSON
  Parameters: {"user"=>{"username"=>"user1", "password"=>"[FILTERED]"}}
  [1m[36mUser Load (1.2ms)[0m  [1m[34mSELECT  "users".* FROM "users" WHERE "users"."username" = $1 LIMIT $2[0m  [["username", "user1"], ["LIMIT", 1]]
  ↳ app/models/user.rb:13
  [1m[36mUser Load (0.4ms)[0m  [1m[34mSELECT  "users".* FROM "users" WHERE "users"."session_token" = $1 LIMIT $2[0m  [["session_token", "KSI_Xw0cZDffIWWLWRaj-g"], ["LIMIT", 1]]
  ↳ app/models/user.rb:45
  [1m[35m (0.1ms)[0m  [1m[35mBEGIN[0m
  ↳ app/models/user.rb:29
  [1m[36mUser Exists (0.5ms)[0m  [1m[34mSELECT  1 AS one FROM "users" WHERE "users"."username" = $1 AND "users"."id" != $2 LIMIT $3[0m  [["username", "user1"], ["id", 2], ["LIMIT", 1]]
  ↳ app/models/user.rb:29
  [1m[36mUser Update (0.4ms)[0m  [1m[33mUPDATE "users" SET "session_token" = $1, "updated_at" = $2 WHERE "users"."id" = $3[0m  [["session_token", "KSI_Xw0cZDffIWWLWRaj-g"], ["updated_at", "2020-01-06 04:53:25.903419"], ["id", 2]]
  ↳ app/models/user.rb:29
  [1m[35m (0.3ms)[0m  [1m[35mCOMMIT[0m
  ↳ app/models/user.rb:29
  Rendering api/users/show.json.jbuilder
  Rendered api/users/_user.json.jbuilder (0.2ms)
  Rendered api/users/show.json.jbuilder (1.7ms)
Completed 200 OK in 262ms (Views: 11.7ms | ActiveRecord: 2.8ms)


Started DELETE "/api/session" for ::1 at 2020-01-05 20:53:27 -0800
Processing by Api::SessionsController#destroy as JSON
  [1m[36mUser Load (0.4ms)[0m  [1m[34mSELECT  "users".* FROM "users" WHERE "users"."session_token" = $1 LIMIT $2[0m  [["session_token", "KSI_Xw0cZDffIWWLWRaj-g"], ["LIMIT", 1]]
  ↳ app/controllers/application_controller.rb:10
  [1m[36mUser Load (0.2ms)[0m  [1m[34mSELECT  "users".* FROM "users" WHERE "users"."session_token" = $1 LIMIT $2[0m  [["session_token", "-S1hgXtK0MCFWvwVOA1bWg"], ["LIMIT", 1]]
  ↳ app/models/user.rb:45
  [1m[35m (0.1ms)[0m  [1m[35mBEGIN[0m
  ↳ app/models/user.rb:29
  [1m[36mUser Exists (0.3ms)[0m  [1m[34mSELECT  1 AS one FROM "users" WHERE "users"."username" = $1 AND "users"."id" != $2 LIMIT $3[0m  [["username", "user1"], ["id", 2], ["LIMIT", 1]]
  ↳ app/models/user.rb:29
  [1m[36mUser Update (0.4ms)[0m  [1m[33mUPDATE "users" SET "session_token" = $1, "updated_at" = $2 WHERE "users"."id" = $3[0m  [["session_token", "-S1hgXtK0MCFWvwVOA1bWg"], ["updated_at", "2020-01-06 04:53:27.575371"], ["id", 2]]
  ↳ app/models/user.rb:29
  [1m[35m (0.6ms)[0m  [1m[35mCOMMIT[0m
  ↳ app/models/user.rb:29
  Rendering api/users/show.json.jbuilder
  Rendered api/users/_user.json.jbuilder (0.3ms)
  Rendered api/users/show.json.jbuilder (1.6ms)
Completed 200 OK in 23ms (Views: 11.9ms | ActiveRecord: 2.0ms)


Started POST "/api/session" for ::1 at 2020-01-05 20:53:38 -0800
Processing by Api::SessionsController#create as JSON
  Parameters: {"user"=>{"username"=>"user1", "password"=>"[FILTERED]"}}
  [1m[36mUser Load (0.4ms)[0m  [1m[34mSELECT  "users".* FROM "users" WHERE "users"."username" = $1 LIMIT $2[0m  [["username", "user1"], ["LIMIT", 1]]
  ↳ app/models/user.rb:13
  [1m[36mUser Load (0.3ms)[0m  [1m[34mSELECT  "users".* FROM "users" WHERE "users"."session_token" = $1 LIMIT $2[0m  [["session_token", "zai0BFsu7x5WxzD09G13Iw"], ["LIMIT", 1]]
  ↳ app/models/user.rb:45
  [1m[35m (0.1ms)[0m  [1m[35mBEGIN[0m
  ↳ app/models/user.rb:29
  [1m[36mUser Exists (0.3ms)[0m  [1m[34mSELECT  1 AS one FROM "users" WHERE "users"."username" = $1 AND "users"."id" != $2 LIMIT $3[0m  [["username", "user1"], ["id", 2], ["LIMIT", 1]]
  ↳ app/models/user.rb:29
  [1m[36mUser Update (0.3ms)[0m  [1m[33mUPDATE "users" SET "session_token" = $1, "updated_at" = $2 WHERE "users"."id" = $3[0m  [["session_token", "zai0BFsu7x5WxzD09G13Iw"], ["updated_at", "2020-01-06 04:53:38.459515"], ["id", 2]]
  ↳ app/models/user.rb:29
  [1m[35m (6.3ms)[0m  [1m[35mCOMMIT[0m
  ↳ app/models/user.rb:29
  Rendering api/users/show.json.jbuilder
  Rendered api/users/_user.json.jbuilder (0.2ms)
  Rendered api/users/show.json.jbuilder (1.5ms)
Completed 200 OK in 265ms (Views: 11.4ms | ActiveRecord: 7.7ms)


Started DELETE "/api/session" for ::1 at 2020-01-05 20:53:41 -0800
Processing by Api::SessionsController#destroy as JSON
  [1m[36mUser Load (0.3ms)[0m  [1m[34mSELECT  "users".* FROM "users" WHERE "users"."session_token" = $1 LIMIT $2[0m  [["session_token", "zai0BFsu7x5WxzD09G13Iw"], ["LIMIT", 1]]
  ↳ app/controllers/application_controller.rb:10
  [1m[36mUser Load (0.2ms)[0m  [1m[34mSELECT  "users".* FROM "users" WHERE "users"."session_token" = $1 LIMIT $2[0m  [["session_token", "FGbDLSHn3YJnC3K5hWR9VQ"], ["LIMIT", 1]]
  ↳ app/models/user.rb:45
  [1m[35m (0.1ms)[0m  [1m[35mBEGIN[0m
  ↳ app/models/user.rb:29
  [1m[36mUser Exists (0.3ms)[0m  [1m[34mSELECT  1 AS one FROM "users" WHERE "users"."username" = $1 AND "users"."id" != $2 LIMIT $3[0m  [["username", "user1"], ["id", 2], ["LIMIT", 1]]
  ↳ app/models/user.rb:29
  [1m[36mUser Update (0.4ms)[0m  [1m[33mUPDATE "users" SET "session_token" = $1, "updated_at" = $2 WHERE "users"."id" = $3[0m  [["session_token", "FGbDLSHn3YJnC3K5hWR9VQ"], ["updated_at", "2020-01-06 04:53:41.205906"], ["id", 2]]
  ↳ app/models/user.rb:29
  [1m[35m (0.6ms)[0m  [1m[35mCOMMIT[0m
  ↳ app/models/user.rb:29
  Rendering api/users/show.json.jbuilder
  Rendered api/users/_user.json.jbuilder (0.3ms)
  Rendered api/users/show.json.jbuilder (1.5ms)
Completed 200 OK in 23ms (Views: 11.2ms | ActiveRecord: 1.9ms)


Started GET "/" for ::1 at 2020-01-05 20:55:56 -0800
Processing by StaticPagesController#root as HTML
  Rendering static_pages/root.html.erb within layouts/application
  Rendered static_pages/root.html.erb within layouts/application (1.5ms)
Completed 200 OK in 389ms (Views: 384.8ms | ActiveRecord: 0.0ms)


Started GET "/" for ::1 at 2020-01-05 21:00:01 -0800
Processing by StaticPagesController#root as HTML
  Rendering static_pages/root.html.erb within layouts/application
  Rendered static_pages/root.html.erb within layouts/application (1.0ms)
Completed 200 OK in 390ms (Views: 386.3ms | ActiveRecord: 0.0ms)


Started GET "/" for ::1 at 2020-01-05 21:00:44 -0800
Processing by StaticPagesController#root as HTML
  Rendering static_pages/root.html.erb within layouts/application
  Rendered static_pages/root.html.erb within layouts/application (1.4ms)
Completed 200 OK in 50ms (Views: 45.3ms | ActiveRecord: 0.0ms)


Started GET "/" for ::1 at 2020-01-05 21:00:46 -0800
Processing by StaticPagesController#root as HTML
  Rendering static_pages/root.html.erb within layouts/application
  Rendered static_pages/root.html.erb within layouts/application (1.0ms)
Completed 200 OK in 43ms (Views: 39.8ms | ActiveRecord: 0.0ms)


Started GET "/" for ::1 at 2020-01-05 21:01:21 -0800
Processing by StaticPagesController#root as HTML
  Rendering static_pages/root.html.erb within layouts/application
  Rendered static_pages/root.html.erb within layouts/application (0.9ms)
Completed 200 OK in 52ms (Views: 48.1ms | ActiveRecord: 0.0ms)


Started GET "/" for ::1 at 2020-01-05 21:01:51 -0800
Processing by StaticPagesController#root as HTML
  Rendering static_pages/root.html.erb within layouts/application
  Rendered static_pages/root.html.erb within layouts/application (0.9ms)
Completed 200 OK in 37ms (Views: 34.2ms | ActiveRecord: 0.0ms)


Started GET "/" for ::1 at 2020-01-05 21:03:30 -0800
Processing by StaticPagesController#root as HTML
  Rendering static_pages/root.html.erb within layouts/application
  Rendered static_pages/root.html.erb within layouts/application (0.8ms)
Completed 200 OK in 53ms (Views: 49.5ms | ActiveRecord: 0.0ms)


Started GET "/" for ::1 at 2020-01-05 21:04:33 -0800
Processing by StaticPagesController#root as HTML
  Rendering static_pages/root.html.erb within layouts/application
  Rendered static_pages/root.html.erb within layouts/application (1.5ms)
Completed 200 OK in 55ms (Views: 50.7ms | ActiveRecord: 0.0ms)


Started GET "/" for ::1 at 2020-01-05 21:04:37 -0800
Processing by StaticPagesController#root as HTML
  Rendering static_pages/root.html.erb within layouts/application
  Rendered static_pages/root.html.erb within layouts/application (1.1ms)
Completed 200 OK in 47ms (Views: 42.4ms | ActiveRecord: 0.0ms)


Started GET "/" for ::1 at 2020-01-05 21:04:52 -0800
Processing by StaticPagesController#root as HTML
  Rendering static_pages/root.html.erb within layouts/application
  Rendered static_pages/root.html.erb within layouts/application (1.4ms)
Completed 200 OK in 56ms (Views: 51.1ms | ActiveRecord: 0.0ms)


Started GET "/" for ::1 at 2020-01-05 21:05:29 -0800
Processing by StaticPagesController#root as HTML
  Rendering static_pages/root.html.erb within layouts/application
  Rendered static_pages/root.html.erb within layouts/application (1.1ms)
Completed 200 OK in 47ms (Views: 42.9ms | ActiveRecord: 0.0ms)


Started GET "/" for ::1 at 2020-01-05 21:06:08 -0800
Processing by StaticPagesController#root as HTML
  Rendering static_pages/root.html.erb within layouts/application
  Rendered static_pages/root.html.erb within layouts/application (1.4ms)
Completed 200 OK in 57ms (Views: 53.3ms | ActiveRecord: 0.0ms)


Started GET "/" for ::1 at 2020-01-05 21:06:09 -0800
Processing by StaticPagesController#root as HTML
  Rendering static_pages/root.html.erb within layouts/application
  Rendered static_pages/root.html.erb within layouts/application (1.2ms)
Completed 200 OK in 44ms (Views: 40.2ms | ActiveRecord: 0.0ms)


Started GET "/" for ::1 at 2020-01-05 21:06:18 -0800
Processing by StaticPagesController#root as HTML
  Rendering static_pages/root.html.erb within layouts/application
  Rendered static_pages/root.html.erb within layouts/application (1.2ms)
Completed 200 OK in 61ms (Views: 57.3ms | ActiveRecord: 0.0ms)


Started GET "/" for ::1 at 2020-01-05 21:06:19 -0800
Processing by StaticPagesController#root as HTML
  Rendering static_pages/root.html.erb within layouts/application
  Rendered static_pages/root.html.erb within layouts/application (0.9ms)
Completed 200 OK in 46ms (Views: 41.8ms | ActiveRecord: 0.0ms)


Started GET "/" for ::1 at 2020-01-05 21:06:35 -0800
Processing by StaticPagesController#root as HTML
  Rendering static_pages/root.html.erb within layouts/application
  Rendered static_pages/root.html.erb within layouts/application (1.5ms)
Completed 200 OK in 46ms (Views: 43.4ms | ActiveRecord: 0.0ms)


Started GET "/" for ::1 at 2020-01-05 21:07:19 -0800
Processing by StaticPagesController#root as HTML
  Rendering static_pages/root.html.erb within layouts/application
  Rendered static_pages/root.html.erb within layouts/application (1.4ms)
Completed 200 OK in 382ms (Views: 378.7ms | ActiveRecord: 0.0ms)


Started GET "/" for ::1 at 2020-01-05 21:07:22 -0800
Processing by StaticPagesController#root as HTML
  Rendering static_pages/root.html.erb within layouts/application
  Rendered static_pages/root.html.erb within layouts/application (1.4ms)
Completed 200 OK in 43ms (Views: 39.1ms | ActiveRecord: 0.0ms)


Started GET "/" for ::1 at 2020-01-05 21:08:37 -0800
Processing by StaticPagesController#root as HTML
  Rendering static_pages/root.html.erb within layouts/application
  Rendered static_pages/root.html.erb within layouts/application (1.0ms)
Completed 200 OK in 397ms (Views: 391.9ms | ActiveRecord: 0.0ms)


Started GET "/" for ::1 at 2020-01-05 21:08:43 -0800
Processing by StaticPagesController#root as HTML
  Rendering static_pages/root.html.erb within layouts/application
  Rendered static_pages/root.html.erb within layouts/application (0.9ms)
Completed 200 OK in 42ms (Views: 37.6ms | ActiveRecord: 0.0ms)


Started GET "/" for ::1 at 2020-01-05 21:09:35 -0800
Processing by StaticPagesController#root as HTML
  Rendering static_pages/root.html.erb within layouts/application
  Rendered static_pages/root.html.erb within layouts/application (1.4ms)
Completed 200 OK in 377ms (Views: 372.9ms | ActiveRecord: 0.0ms)


Started GET "/" for ::1 at 2020-01-05 21:09:40 -0800
Processing by StaticPagesController#root as HTML
  Rendering static_pages/root.html.erb within layouts/application
  Rendered static_pages/root.html.erb within layouts/application (1.2ms)
Completed 200 OK in 39ms (Views: 35.4ms | ActiveRecord: 0.0ms)


Started GET "/" for ::1 at 2020-01-05 21:10:06 -0800
Processing by StaticPagesController#root as HTML
  Rendering static_pages/root.html.erb within layouts/application
  Rendered static_pages/root.html.erb within layouts/application (1.1ms)
Completed 200 OK in 38ms (Views: 34.8ms | ActiveRecord: 0.0ms)


Started GET "/" for ::1 at 2020-01-05 21:10:18 -0800
Processing by StaticPagesController#root as HTML
  Rendering static_pages/root.html.erb within layouts/application
  Rendered static_pages/root.html.erb within layouts/application (1.7ms)
Completed 200 OK in 50ms (Views: 47.7ms | ActiveRecord: 0.0ms)


Started GET "/" for ::1 at 2020-01-05 21:11:58 -0800
Processing by StaticPagesController#root as HTML
  Rendering static_pages/root.html.erb within layouts/application
  Rendered static_pages/root.html.erb within layouts/application (1.4ms)
Completed 200 OK in 64ms (Views: 59.0ms | ActiveRecord: 0.0ms)


Started GET "/" for ::1 at 2020-01-05 21:12:40 -0800
Processing by StaticPagesController#root as HTML
  Rendering static_pages/root.html.erb within layouts/application
  Rendered static_pages/root.html.erb within layouts/application (1.6ms)
Completed 200 OK in 71ms (Views: 65.7ms | ActiveRecord: 0.0ms)


Started GET "/" for ::1 at 2020-01-05 21:12:51 -0800
Processing by StaticPagesController#root as HTML
  Rendering static_pages/root.html.erb within layouts/application
  Rendered static_pages/root.html.erb within layouts/application (1.0ms)
Completed 200 OK in 42ms (Views: 37.3ms | ActiveRecord: 0.0ms)


Started GET "/" for ::1 at 2020-01-05 21:13:27 -0800
Processing by StaticPagesController#root as HTML
  Rendering static_pages/root.html.erb within layouts/application
  Rendered static_pages/root.html.erb within layouts/application (1.4ms)
Completed 200 OK in 51ms (Views: 46.9ms | ActiveRecord: 0.0ms)


Started GET "/" for ::1 at 2020-01-05 21:13:55 -0800
Processing by StaticPagesController#root as HTML
  Rendering static_pages/root.html.erb within layouts/application
  Rendered static_pages/root.html.erb within layouts/application (1.2ms)
Completed 200 OK in 59ms (Views: 54.7ms | ActiveRecord: 0.0ms)


Started GET "/" for ::1 at 2020-01-05 21:14:58 -0800
Processing by StaticPagesController#root as HTML
  Rendering static_pages/root.html.erb within layouts/application
  Rendered static_pages/root.html.erb within layouts/application (0.9ms)
Completed 200 OK in 380ms (Views: 376.8ms | ActiveRecord: 0.0ms)


Started GET "/" for ::1 at 2020-01-05 21:15:19 -0800
Processing by StaticPagesController#root as HTML
  Rendering static_pages/root.html.erb within layouts/application
  Rendered static_pages/root.html.erb within layouts/application (1.1ms)
Completed 200 OK in 56ms (Views: 52.0ms | ActiveRecord: 0.0ms)


Started GET "/" for ::1 at 2020-01-05 21:15:53 -0800
Processing by StaticPagesController#root as HTML
  Rendering static_pages/root.html.erb within layouts/application
  Rendered static_pages/root.html.erb within layouts/application (1.1ms)
Completed 200 OK in 51ms (Views: 45.9ms | ActiveRecord: 0.0ms)


Started GET "/" for ::1 at 2020-01-05 21:16:35 -0800
Processing by StaticPagesController#root as HTML
  Rendering static_pages/root.html.erb within layouts/application
  Rendered static_pages/root.html.erb within layouts/application (1.1ms)
Completed 200 OK in 48ms (Views: 44.4ms | ActiveRecord: 0.0ms)


Started GET "/" for ::1 at 2020-01-05 21:18:05 -0800
Processing by StaticPagesController#root as HTML
  Rendering static_pages/root.html.erb within layouts/application
  Rendered static_pages/root.html.erb within layouts/application (1.3ms)
Completed 200 OK in 387ms (Views: 382.9ms | ActiveRecord: 0.0ms)


Started GET "/" for ::1 at 2020-01-05 21:18:25 -0800
Processing by StaticPagesController#root as HTML
  Rendering static_pages/root.html.erb within layouts/application
  Rendered static_pages/root.html.erb within layouts/application (1.5ms)
Completed 200 OK in 395ms (Views: 391.8ms | ActiveRecord: 0.0ms)


Started GET "/" for ::1 at 2020-01-05 21:18:37 -0800
Processing by StaticPagesController#root as HTML
  Rendering static_pages/root.html.erb within layouts/application
  Rendered static_pages/root.html.erb within layouts/application (1.3ms)
Completed 200 OK in 375ms (Views: 371.2ms | ActiveRecord: 0.0ms)


Started POST "/api/session" for ::1 at 2020-01-05 21:21:05 -0800
Processing by Api::SessionsController#create as JSON
  Parameters: {"user"=>{"username"=>"user1", "password"=>"[FILTERED]"}}
  [1m[36mUser Load (0.8ms)[0m  [1m[34mSELECT  "users".* FROM "users" WHERE "users"."username" = $1 LIMIT $2[0m  [["username", "user1"], ["LIMIT", 1]]
  ↳ app/models/user.rb:13
  [1m[36mUser Load (0.4ms)[0m  [1m[34mSELECT  "users".* FROM "users" WHERE "users"."session_token" = $1 LIMIT $2[0m  [["session_token", "-HR8DY4mbjUBHkR_AVyCCA"], ["LIMIT", 1]]
  ↳ app/models/user.rb:45
  [1m[35m (0.1ms)[0m  [1m[35mBEGIN[0m
  ↳ app/models/user.rb:29
  [1m[36mUser Exists (0.4ms)[0m  [1m[34mSELECT  1 AS one FROM "users" WHERE "users"."username" = $1 AND "users"."id" != $2 LIMIT $3[0m  [["username", "user1"], ["id", 2], ["LIMIT", 1]]
  ↳ app/models/user.rb:29
  [1m[36mUser Update (2.2ms)[0m  [1m[33mUPDATE "users" SET "session_token" = $1, "updated_at" = $2 WHERE "users"."id" = $3[0m  [["session_token", "-HR8DY4mbjUBHkR_AVyCCA"], ["updated_at", "2020-01-06 05:21:06.184337"], ["id", 2]]
  ↳ app/models/user.rb:29
  [1m[35m (1.0ms)[0m  [1m[35mCOMMIT[0m
  ↳ app/models/user.rb:29
  Rendering api/users/show.json.jbuilder
  Rendered api/users/_user.json.jbuilder (0.2ms)
  Rendered api/users/show.json.jbuilder (1.9ms)
Completed 200 OK in 262ms (Views: 11.7ms | ActiveRecord: 5.1ms)


Started DELETE "/api/session" for ::1 at 2020-01-05 21:21:14 -0800
Processing by Api::SessionsController#destroy as JSON
  [1m[36mUser Load (0.4ms)[0m  [1m[34mSELECT  "users".* FROM "users" WHERE "users"."session_token" = $1 LIMIT $2[0m  [["session_token", "-HR8DY4mbjUBHkR_AVyCCA"], ["LIMIT", 1]]
  ↳ app/controllers/application_controller.rb:10
  [1m[36mUser Load (0.2ms)[0m  [1m[34mSELECT  "users".* FROM "users" WHERE "users"."session_token" = $1 LIMIT $2[0m  [["session_token", "VqkJ-XsAoiecn8Fh7m31jA"], ["LIMIT", 1]]
  ↳ app/models/user.rb:45
  [1m[35m (0.1ms)[0m  [1m[35mBEGIN[0m
  ↳ app/models/user.rb:29
  [1m[36mUser Exists (0.3ms)[0m  [1m[34mSELECT  1 AS one FROM "users" WHERE "users"."username" = $1 AND "users"."id" != $2 LIMIT $3[0m  [["username", "user1"], ["id", 2], ["LIMIT", 1]]
  ↳ app/models/user.rb:29
  [1m[36mUser Update (0.4ms)[0m  [1m[33mUPDATE "users" SET "session_token" = $1, "updated_at" = $2 WHERE "users"."id" = $3[0m  [["session_token", "VqkJ-XsAoiecn8Fh7m31jA"], ["updated_at", "2020-01-06 05:21:14.160518"], ["id", 2]]
  ↳ app/models/user.rb:29
  [1m[35m (6.6ms)[0m  [1m[35mCOMMIT[0m
  ↳ app/models/user.rb:29
  Rendering api/users/show.json.jbuilder
  Rendered api/users/_user.json.jbuilder (0.2ms)
  Rendered api/users/show.json.jbuilder (1.5ms)
Completed 200 OK in 25ms (Views: 10.8ms | ActiveRecord: 7.9ms)


Started POST "/api/session" for ::1 at 2020-01-05 21:21:23 -0800
Processing by Api::SessionsController#create as JSON
  Parameters: {"user"=>{"username"=>"user2", "password"=>"[FILTERED]"}}
  [1m[36mUser Load (0.5ms)[0m  [1m[34mSELECT  "users".* FROM "users" WHERE "users"."username" = $1 LIMIT $2[0m  [["username", "user2"], ["LIMIT", 1]]
  ↳ app/models/user.rb:13
Completed 401 Unauthorized in 255ms (Views: 0.2ms | ActiveRecord: 0.5ms)


Started POST "/api/session" for ::1 at 2020-01-05 21:21:32 -0800
Processing by Api::SessionsController#create as JSON
  Parameters: {"user"=>{"username"=>"user2", "password"=>"[FILTERED]"}}
  [1m[36mUser Load (0.4ms)[0m  [1m[34mSELECT  "users".* FROM "users" WHERE "users"."username" = $1 LIMIT $2[0m  [["username", "user2"], ["LIMIT", 1]]
  ↳ app/models/user.rb:13
Completed 401 Unauthorized in 257ms (Views: 0.2ms | ActiveRecord: 0.4ms)


Started POST "/api/session" for ::1 at 2020-01-05 21:21:46 -0800
Processing by Api::SessionsController#create as JSON
  Parameters: {"user"=>{"username"=>"user1", "password"=>"[FILTERED]"}}
  [1m[36mUser Load (0.4ms)[0m  [1m[34mSELECT  "users".* FROM "users" WHERE "users"."username" = $1 LIMIT $2[0m  [["username", "user1"], ["LIMIT", 1]]
  ↳ app/models/user.rb:13
Completed 401 Unauthorized in 259ms (Views: 0.2ms | ActiveRecord: 0.4ms)


Started POST "/api/session" for ::1 at 2020-01-05 21:22:04 -0800
Processing by Api::SessionsController#create as JSON
  Parameters: {"user"=>{"username"=>"user1", "password"=>"[FILTERED]"}}
  [1m[36mUser Load (0.4ms)[0m  [1m[34mSELECT  "users".* FROM "users" WHERE "users"."username" = $1 LIMIT $2[0m  [["username", "user1"], ["LIMIT", 1]]
  ↳ app/models/user.rb:13
  [1m[36mUser Load (0.4ms)[0m  [1m[34mSELECT  "users".* FROM "users" WHERE "users"."session_token" = $1 LIMIT $2[0m  [["session_token", "rkSMJKBijExs1Sf_oLbQzA"], ["LIMIT", 1]]
  ↳ app/models/user.rb:45
  [1m[35m (0.2ms)[0m  [1m[35mBEGIN[0m
  ↳ app/models/user.rb:29
  [1m[36mUser Exists (0.4ms)[0m  [1m[34mSELECT  1 AS one FROM "users" WHERE "users"."username" = $1 AND "users"."id" != $2 LIMIT $3[0m  [["username", "user1"], ["id", 2], ["LIMIT", 1]]
  ↳ app/models/user.rb:29
  [1m[36mUser Update (0.4ms)[0m  [1m[33mUPDATE "users" SET "session_token" = $1, "updated_at" = $2 WHERE "users"."id" = $3[0m  [["session_token", "rkSMJKBijExs1Sf_oLbQzA"], ["updated_at", "2020-01-06 05:22:04.291670"], ["id", 2]]
  ↳ app/models/user.rb:29
  [1m[35m (6.4ms)[0m  [1m[35mCOMMIT[0m
  ↳ app/models/user.rb:29
  Rendering api/users/show.json.jbuilder
  Rendered api/users/_user.json.jbuilder (0.2ms)
  Rendered api/users/show.json.jbuilder (2.0ms)
Completed 200 OK in 264ms (Views: 12.3ms | ActiveRecord: 8.1ms)


Started GET "/" for ::1 at 2020-01-05 21:26:45 -0800
Processing by StaticPagesController#root as HTML
  Rendering static_pages/root.html.erb within layouts/application
  [1m[36mUser Load (0.4ms)[0m  [1m[34mSELECT  "users".* FROM "users" WHERE "users"."session_token" = $1 LIMIT $2[0m  [["session_token", "rkSMJKBijExs1Sf_oLbQzA"], ["LIMIT", 1]]
  ↳ app/controllers/application_controller.rb:10
  Rendered api/users/_user.json.jbuilder (0.5ms)
  Rendered static_pages/root.html.erb within layouts/application (25.0ms)
Completed 200 OK in 106ms (Views: 92.0ms | ActiveRecord: 10.0ms)


Started DELETE "/api/session" for ::1 at 2020-01-05 21:26:48 -0800
Processing by Api::SessionsController#destroy as JSON
  [1m[36mUser Load (0.4ms)[0m  [1m[34mSELECT  "users".* FROM "users" WHERE "users"."session_token" = $1 LIMIT $2[0m  [["session_token", "rkSMJKBijExs1Sf_oLbQzA"], ["LIMIT", 1]]
  ↳ app/controllers/application_controller.rb:10
  [1m[36mUser Load (0.2ms)[0m  [1m[34mSELECT  "users".* FROM "users" WHERE "users"."session_token" = $1 LIMIT $2[0m  [["session_token", "H889nGWkNs4CCJ9L5exmcQ"], ["LIMIT", 1]]
  ↳ app/models/user.rb:45
  [1m[35m (0.1ms)[0m  [1m[35mBEGIN[0m
  ↳ app/models/user.rb:29
  [1m[36mUser Exists (0.3ms)[0m  [1m[34mSELECT  1 AS one FROM "users" WHERE "users"."username" = $1 AND "users"."id" != $2 LIMIT $3[0m  [["username", "user1"], ["id", 2], ["LIMIT", 1]]
  ↳ app/models/user.rb:29
  [1m[36mUser Update (6.5ms)[0m  [1m[33mUPDATE "users" SET "session_token" = $1, "updated_at" = $2 WHERE "users"."id" = $3[0m  [["session_token", "H889nGWkNs4CCJ9L5exmcQ"], ["updated_at", "2020-01-06 05:26:48.568652"], ["id", 2]]
  ↳ app/models/user.rb:29
  [1m[35m (10.3ms)[0m  [1m[35mCOMMIT[0m
  ↳ app/models/user.rb:29
  Rendering api/users/show.json.jbuilder
  Rendered api/users/_user.json.jbuilder (0.2ms)
  Rendered api/users/show.json.jbuilder (1.7ms)
Completed 200 OK in 35ms (Views: 12.5ms | ActiveRecord: 17.8ms)


Started GET "/" for ::1 at 2020-01-05 21:28:40 -0800
Processing by StaticPagesController#root as HTML
  Rendering static_pages/root.html.erb within layouts/application
  Rendered static_pages/root.html.erb within layouts/application (1.1ms)
Completed 200 OK in 55ms (Views: 50.5ms | ActiveRecord: 0.0ms)


